0 info it worked if it ends with ok
1 verbose cli [ 'c:\\Program Files\\nodejs\\node.exe',
1 verbose cli   'c:\\Program Files\\nodejs\\node_modules\\npm\\bin\\npm-cli.js',
1 verbose cli   'install',
1 verbose cli   '-g',
1 verbose cli   'bower' ]
2 info using npm@2.11.3
3 info using node@v0.12.7
4 verbose install initial load of C:\Program Files (x86)\Git\local\package.json
5 verbose readDependencies loading dependencies from C:\Program Files (x86)\Git\local\package.json
6 silly cache add args [ 'bower', null ]
7 verbose cache add spec bower
8 silly cache add parsed spec { raw: 'bower',
8 silly cache add   scope: null,
8 silly cache add   name: 'bower',
8 silly cache add   rawSpec: '',
8 silly cache add   spec: '*',
8 silly cache add   type: 'range' }
9 silly addNamed bower@*
10 verbose addNamed "*" is a valid semver range for bower
11 silly addNameRange { name: 'bower', range: '*', hasData: false }
12 silly mapToRegistry name bower
13 silly mapToRegistry using default registry
14 silly mapToRegistry registry https://registry.npmjs.org/
15 silly mapToRegistry uri https://registry.npmjs.org/bower
16 verbose addNameRange registry:https://registry.npmjs.org/bower not in flight; fetching
17 verbose request uri https://registry.npmjs.org/bower
18 verbose request no auth needed
19 info attempt registry request try #1 at 10:54:01 PM
20 verbose request id cff09f8344e8a0d0
21 verbose etag "1S6UQKOV5P7NBYTOAZH8YXRLK"
22 http request GET https://registry.npmjs.org/bower
23 http 304 https://registry.npmjs.org/bower
24 silly get cb [ 304,
24 silly get   { date: 'Tue, 15 Dec 2015 17:24:38 GMT',
24 silly get     via: '1.1 varnish',
24 silly get     'cache-control': 'max-age=300',
24 silly get     etag: '"1S6UQKOV5P7NBYTOAZH8YXRLK"',
24 silly get     age: '15',
24 silly get     connection: 'close',
24 silly get     'x-served-by': 'cache-sin6921-SIN',
24 silly get     'x-cache': 'HIT',
24 silly get     'x-cache-hits': '1',
24 silly get     'x-timer': 'S1450200278.776837,VS0,VE0',
24 silly get     vary: 'Accept' } ]
25 verbose etag https://registry.npmjs.org/bower from cache
26 verbose get saving bower to C:\Users\Abhivendra\AppData\Roaming\npm-cache\registry.npmjs.org\bower\.cache.json
27 silly addNameRange number 2 { name: 'bower', range: '*', hasData: true }
28 silly addNameRange versions [ 'bower',
28 silly addNameRange   [ '0.1.0',
28 silly addNameRange     '0.1.2',
28 silly addNameRange     '0.1.3',
28 silly addNameRange     '0.2.0',
28 silly addNameRange     '0.3.0',
28 silly addNameRange     '0.3.1',
28 silly addNameRange     '0.3.2',
28 silly addNameRange     '0.4.0',
28 silly addNameRange     '0.5.0',
28 silly addNameRange     '0.5.1',
28 silly addNameRange     '0.6.0',
28 silly addNameRange     '0.6.1',
28 silly addNameRange     '0.6.2',
28 silly addNameRange     '0.6.3',
28 silly addNameRange     '0.6.4',
28 silly addNameRange     '0.6.5',
28 silly addNameRange     '0.6.6',
28 silly addNameRange     '0.6.7',
28 silly addNameRange     '0.6.8',
28 silly addNameRange     '0.7.0',
28 silly addNameRange     '0.7.1',
28 silly addNameRange     '0.8.0',
28 silly addNameRange     '0.8.1',
28 silly addNameRange     '0.8.2',
28 silly addNameRange     '0.8.3',
28 silly addNameRange     '0.8.4',
28 silly addNameRange     '0.8.5',
28 silly addNameRange     '0.8.6',
28 silly addNameRange     '0.9.0',
28 silly addNameRange     '0.9.1',
28 silly addNameRange     '0.9.2',
28 silly addNameRange     '0.10.0',
28 silly addNameRange     '1.0.0',
28 silly addNameRange     '1.0.1',
28 silly addNameRange     '1.0.2',
28 silly addNameRange     '1.0.3',
28 silly addNameRange     '1.1.0',
28 silly addNameRange     '1.1.1',
28 silly addNameRange     '1.1.2',
28 silly addNameRange     '1.2.0',
28 silly addNameRange     '1.2.1',
28 silly addNameRange     '1.2.2',
28 silly addNameRange     '1.2.3',
28 silly addNameRange     '1.2.4',
28 silly addNameRange     '1.2.5',
28 silly addNameRange     '1.2.6',
28 silly addNameRange     '1.2.7',
28 silly addNameRange     '1.2.8',
28 silly addNameRange     '1.3.0',
28 silly addNameRange     '1.3.1',
28 silly addNameRange     '1.3.2',
28 silly addNameRange     '1.3.3',
28 silly addNameRange     '1.3.4',
28 silly addNameRange     '1.3.5',
28 silly addNameRange     '1.3.6',
28 silly addNameRange     '1.3.7',
28 silly addNameRange     '1.3.8',
28 silly addNameRange     '1.3.9',
28 silly addNameRange     '1.3.10',
28 silly addNameRange     '1.3.11',
28 silly addNameRange     '1.3.12',
28 silly addNameRange     '1.4.0',
28 silly addNameRange     '1.4.1',
28 silly addNameRange     '1.5.0',
28 silly addNameRange     '1.5.1',
28 silly addNameRange     '1.5.2',
28 silly addNameRange     '1.5.3',
28 silly addNameRange     '1.6.2',
28 silly addNameRange     '1.6.3',
28 silly addNameRange     '1.6.4',
28 silly addNameRange     '1.6.5',
28 silly addNameRange     '1.5.4',
28 silly addNameRange     '1.4.2',
28 silly addNameRange     '1.6.6',
28 silly addNameRange     '1.6.7',
28 silly addNameRange     '1.6.8',
28 silly addNameRange     '1.6.9',
28 silly addNameRange     '1.7.0',
28 silly addNameRange     '1.7.1' ] ]
29 silly addNamed bower@1.7.1
30 verbose addNamed "1.7.1" is a plain semver version for bower
31 silly cache afterAdd bower@1.7.1
32 verbose afterAdd C:\Users\Abhivendra\AppData\Roaming\npm-cache\bower\1.7.1\package\package.json not in flight; writing
33 verbose afterAdd C:\Users\Abhivendra\AppData\Roaming\npm-cache\bower\1.7.1\package\package.json written
34 silly install resolved [ { name: 'bower',
34 silly install resolved     version: '1.7.1',
34 silly install resolved     description: 'The browser package manager',
34 silly install resolved     author: { name: 'Twitter' },
34 silly install resolved     license: 'MIT',
34 silly install resolved     repository: { type: 'git', url: 'git+https://github.com/bower/bower.git' },
34 silly install resolved     main: 'lib',
34 silly install resolved     homepage: 'http://bower.io',
34 silly install resolved     engines: { node: '>=0.10.0' },
34 silly install resolved     keywords: [ 'bower' ],
34 silly install resolved     dependencies:
34 silly install resolved      { abbrev: '^1.0.5',
34 silly install resolved        archy: '1.0.0',
34 silly install resolved        'bower-config': '^1.3.0',
34 silly install resolved        'bower-endpoint-parser': '^0.2.2',
34 silly install resolved        'bower-json': '^0.4.0',
34 silly install resolved        'bower-logger': '^0.2.2',
34 silly install resolved        'bower-registry-client': '^1.0.0',
34 silly install resolved        cardinal: '0.4.4',
34 silly install resolved        chalk: '^1.0.0',
34 silly install resolved        chmodr: '^1.0.2',
34 silly install resolved        configstore: '^0.3.2',
34 silly install resolved        'decompress-zip': '^0.1.0',
34 silly install resolved        destroy: '^1.0.3',
34 silly install resolved        'fs-write-stream-atomic': '^1.0.5',
34 silly install resolved        fstream: '^1.0.3',
34 silly install resolved        'fstream-ignore': '^1.0.2',
34 silly install resolved        github: '^0.2.3',
34 silly install resolved        glob: '^4.3.2',
34 silly install resolved        'graceful-fs': '^3.0.5',
34 silly install resolved        handlebars: '^2.0.0',
34 silly install resolved        inquirer: '0.10.0',
34 silly install resolved        insight: '^0.7.0',
34 silly install resolved        'is-root': '^1.0.0',
34 silly install resolved        junk: '^1.0.0',
34 silly install resolved        lockfile: '^1.0.0',
34 silly install resolved        'lru-cache': '^2.5.0',
34 silly install resolved        'md5-hex': '^1.0.2',
34 silly install resolved        mkdirp: '0.5.0',
34 silly install resolved        mout: '^0.11.0',
34 silly install resolved        nopt: '^3.0.1',
34 silly install resolved        opn: '^1.0.1',
34 silly install resolved        'p-throttler': '0.1.1',
34 silly install resolved        promptly: '0.2.0',
34 silly install resolved        q: '^1.1.2',
34 silly install resolved        request: '2.53.0',
34 silly install resolved        'request-progress': '0.3.1',
34 silly install resolved        retry: '0.6.1',
34 silly install resolved        rimraf: '^2.2.8',
34 silly install resolved        semver: '^2.3.0',
34 silly install resolved        'semver-utils': '^1.1.1',
34 silly install resolved        'shell-quote': '^1.4.2',
34 silly install resolved        'stringify-object': '^1.0.0',
34 silly install resolved        'tar-fs': '^1.4.1',
34 silly install resolved        tmp: '0.0.24',
34 silly install resolved        'update-notifier': '^0.6.0',
34 silly install resolved        'user-home': '^1.1.0',
34 silly install resolved        which: '^1.0.8' },
34 silly install resolved     devDependencies:
34 silly install resolved      { chai: '^1.10.0',
34 silly install resolved        coveralls: '^2.11.2',
34 silly install resolved        'expect.js': '^0.3.1',
34 silly install resolved        grunt: '^0.4.5',
34 silly install resolved        'grunt-cli': '^0.1.13',
34 silly install resolved        'grunt-contrib-jshint': '^0.10.0',
34 silly install resolved        'grunt-contrib-watch': '^0.6.1',
34 silly install resolved        'grunt-exec': '^0.4.6',
34 silly install resolved        'grunt-jscs': '^2.3.0',
34 silly install resolved        'grunt-simple-mocha': '^0.4.0',
34 silly install resolved        istanbul: '^0.3.5',
34 silly install resolved        'load-grunt-tasks': '^2.0.0',
34 silly install resolved        mocha: '^2.1.0',
34 silly install resolved        multiline: '^1.0.2',
34 silly install resolved        nock: '^3.1.0',
34 silly install resolved        'node-uuid': '^1.4.2',
34 silly install resolved        proxyquire: '^1.3.0',
34 silly install resolved        'spawn-sync': '1.0.13' },
34 silly install resolved     scripts:
34 silly install resolved      { test: 'grunt test',
34 silly install resolved        ci: 'grunt travis',
34 silly install resolved        coveralls: 'coveralls' },
34 silly install resolved     bin: { bower: 'bin/bower' },
34 silly install resolved     files: [ 'bin', 'lib', 'templates' ],
34 silly install resolved     gitHead: 'e168c894a2a810b2e89c21320914029193a82c42',
34 silly install resolved     bugs: { url: 'https://github.com/bower/bower/issues' },
34 silly install resolved     bundleDependencies:
34 silly install resolved      [ 'abbrev',
34 silly install resolved        'archy',
34 silly install resolved        'bower-config',
34 silly install resolved        'bower-endpoint-parser',
34 silly install resolved        'bower-json',
34 silly install resolved        'bower-logger',
34 silly install resolved        'bower-registry-client',
34 silly install resolved        'cardinal',
34 silly install resolved        'chalk',
34 silly install resolved        'chmodr',
34 silly install resolved        'configstore',
34 silly install resolved        'decompress-zip',
34 silly install resolved        'destroy',
34 silly install resolved        'fs-write-stream-atomic',
34 silly install resolved        'fstream',
34 silly install resolved        'fstream-ignore',
34 silly install resolved        'github',
34 silly install resolved        'glob',
34 silly install resolved        'graceful-fs',
34 silly install resolved        'handlebars',
34 silly install resolved        'inquirer',
34 silly install resolved        'insight',
34 silly install resolved        'is-root',
34 silly install resolved        'junk',
34 silly install resolved        'lockfile',
34 silly install resolved        'lru-cache',
34 silly install resolved        'md5-hex',
34 silly install resolved        'mkdirp',
34 silly install resolved        'mout',
34 silly install resolved        'nopt',
34 silly install resolved        'opn',
34 silly install resolved        'p-throttler',
34 silly install resolved        'promptly',
34 silly install resolved        'q',
34 silly install resolved        'request',
34 silly install resolved        'request-progress',
34 silly install resolved        'retry',
34 silly install resolved        'rimraf',
34 silly install resolved        'semver',
34 silly install resolved        'shell-quote',
34 silly install resolved        'stringify-object',
34 silly install resolved        'tar-fs',
34 silly install resolved        'tmp',
34 silly install resolved        'update-notifier',
34 silly install resolved        'user-home',
34 silly install resolved        'which' ],
34 silly install resolved     _id: 'bower@1.7.1',
34 silly install resolved     _shasum: '8d0c1a31d85237b3629fd2af981bd11e1b1dca82',
34 silly install resolved     _from: 'bower@*',
34 silly install resolved     _npmVersion: '2.14.4',
34 silly install resolved     _nodeVersion: '4.1.1',
34 silly install resolved     _npmUser: { name: 'sheerun', email: 'sheerun@sher.pl' },
34 silly install resolved     dist:
34 silly install resolved      { shasum: '8d0c1a31d85237b3629fd2af981bd11e1b1dca82',
34 silly install resolved        tarball: 'http://registry.npmjs.org/bower/-/bower-1.7.1.tgz' },
34 silly install resolved     maintainers:
34 silly install resolved      [ [Object],
34 silly install resolved        [Object],
34 silly install resolved        [Object],
34 silly install resolved        [Object],
34 silly install resolved        [Object],
34 silly install resolved        [Object],
34 silly install resolved        [Object] ],
34 silly install resolved     directories: {},
34 silly install resolved     _resolved: 'https://registry.npmjs.org/bower/-/bower-1.7.1.tgz',
34 silly install resolved     readme: 'ERROR: No README data found!' } ]
35 info install bower@1.7.1 into C:\Program Files (x86)\Git\local
36 info installOne bower@1.7.1
37 verbose installOne of bower to C:\Program Files (x86)\Git\local not in flight; installing
38 verbose lock using C:\Users\Abhivendra\AppData\Roaming\npm-cache\_locks\bower-7d6dc236b61568d9.lock for C:\Program Files (x86)\Git\local\node_modules\bower
39 silly install write writing bower 1.7.1 to C:\Program Files (x86)\Git\local\node_modules\bower
40 verbose unbuild node_modules\bower
41 info preuninstall bower@1.7.1
42 info uninstall bower@1.7.1
43 verbose unbuild rmStuff bower@1.7.1 from C:\Program Files (x86)\Git\local\node_modules
44 silly gentlyRm C:\Program Files (x86)\Git\local\bower.cmd is being gently removed
45 silly gentlyRm verifying C:\Program Files (x86)\Git\local is an npm working directory
46 silly gentlyRm containing path C:\Program Files (x86)\Git\local is under npm's control, in C:\Program Files (x86)\Git\local
47 silly gentlyRm deletion target C:\Program Files (x86)\Git\local\bower.cmd is under C:\Program Files (x86)\Git\local
48 verbose gentlyRm vacuuming from C:\Program Files (x86)\Git\local\bower.cmd up to C:\Program Files (x86)\Git\local
49 silly vacuum-fs removing C:\Program Files (x86)\Git\local\bower.cmd
50 verbose unlock done using C:\Users\Abhivendra\AppData\Roaming\npm-cache\_locks\bower-7d6dc236b61568d9.lock for C:\Program Files (x86)\Git\local\node_modules\bower
51 verbose stack Error: EPERM, unlink 'C:\Program Files (x86)\Git\local\bower.cmd'
51 verbose stack     at Error (native)
52 verbose cwd c:\xampp\htdocs\kramya-development\frontend-app
53 error Windows_NT 6.3.9600
54 error argv "c:\\Program Files\\nodejs\\node.exe" "c:\\Program Files\\nodejs\\node_modules\\npm\\bin\\npm-cli.js" "install" "-g" "bower"
55 error node v0.12.7
56 error npm  v2.11.3
57 error path C:\Program Files (x86)\Git\local\bower.cmd
58 error code EPERM
59 error errno -4048
60 error Error: EPERM, unlink 'C:\Program Files (x86)\Git\local\bower.cmd'
60 error     at Error (native)
60 error  { [Error: EPERM, unlink 'C:\Program Files (x86)\Git\local\bower.cmd']
60 error   errno: -4048,
60 error   code: 'EPERM',
60 error   path: 'C:\\Program Files (x86)\\Git\\local\\bower.cmd' }
61 error Please try running this command again as root/Administrator.
62 verbose exit [ -4048, true ]
63 verbose unbuild node_modules\bower
64 info preuninstall bower@1.7.1
65 info uninstall bower@1.7.1
66 verbose unbuild rmStuff bower@1.7.1 from C:\Program Files (x86)\Git\local\node_modules
67 silly gentlyRm C:\Program Files (x86)\Git\local\bower.cmd is being gently removed
68 silly gentlyRm verifying C:\Program Files (x86)\Git\local is an npm working directory
69 silly gentlyRm containing path C:\Program Files (x86)\Git\local is under npm's control, in C:\Program Files (x86)\Git\local
70 silly gentlyRm deletion target C:\Program Files (x86)\Git\local\bower.cmd is under C:\Program Files (x86)\Git\local
71 verbose gentlyRm vacuuming from C:\Program Files (x86)\Git\local\bower.cmd up to C:\Program Files (x86)\Git\local
72 silly vacuum-fs removing C:\Program Files (x86)\Git\local\bower.cmd
73 error error rolling back Error: EPERM, unlink 'C:\Program Files (x86)\Git\local\bower.cmd'
73 error error rolling back     at Error (native)
73 error error rolling back  { [Error: EPERM, unlink 'C:\Program Files (x86)\Git\local\bower.cmd']
73 error error rolling back   errno: -4048,
73 error error rolling back   code: 'EPERM',
73 error error rolling back   path: 'C:\\Program Files (x86)\\Git\\local\\bower.cmd' }
